<?xml version="1.0" encoding="UTF-8"?>
<testsuite xmlns:xsi="http://www.w3.org/2001/XMLSchema-instance" xsi:noNamespaceSchemaLocation="https://maven.apache.org/surefire/maven-surefire-plugin/xsd/surefire-test-report-3.0.xsd" version="3.0" name="game.LocalCrazyEightTest" time="0.236" tests="17" errors="0" skipped="0" failures="0">
  <properties>
[...]
</properties>
  <testcase name="itShouldPlayThreeFive" classname="game.LocalCrazyEightTest" time="0.12">
    <system-out><![CDATA[FIVE OF DIAMONDS
FIVE OF HEART
]]></system-out>
  </testcase>
  <testcase name="jackMakePreviousPlayerPlay" classname="game.LocalCrazyEightTest" time="0.01">
    <system-out><![CDATA[FIVE OF CLUBS
JACK OF CLUBS
]]></system-out>
  </testcase>
  <testcase name="eightDeterminTheOptimalColor" classname="game.LocalCrazyEightTest" time="0.005"/>
  <testcase name="nextPlayerDontPlayAfterPlayingSeven" classname="game.LocalCrazyEightTest" time="0.002">
    <system-out><![CDATA[SEVEN OF CLUBS
]]></system-out>
  </testcase>
  <testcase name="itShouldPlayOnlyOneCard" classname="game.LocalCrazyEightTest" time="0.004">
    <system-out><![CDATA[FIVE OF SPADES
]]></system-out>
  </testcase>
  <testcase name="takeCardAddTheAmountOfCards" classname="game.LocalCrazyEightTest" time="0.002"/>
  <testcase name="twoAcesMakeTheNextPlayerDrawFourCards" classname="game.LocalCrazyEightTest" time="0.001">
    <system-out><![CDATA[ACE OF HEART
ACE OF CLUBS
]]></system-out>
  </testcase>
  <testcase name="itShouldPlayFourFive" classname="game.LocalCrazyEightTest" time="0.002">
    <system-out><![CDATA[FIVE OF DIAMONDS
FIVE OF SPADES
FIVE OF CLUBS
FIVE OF HEART
]]></system-out>
  </testcase>
  <testcase name="eightScenarioWithOneCardForEachColor" classname="game.LocalCrazyEightTest" time="0.002"/>
  <testcase name="aceCanCounterAnOtherAce" classname="game.LocalCrazyEightTest" time="0.01">
    <system-out><![CDATA[Next player: Naki
ACE OF HEART | ACE OF CLUBS | FIVE OF CLUBS | 
ACE OF HEART
ACE OF CLUBS
Number of Naki's remaining cards: 1
ACE OF DIAMONDS
ACE OF SPADES
]]></system-out>
  </testcase>
  <testcase name="cardsDistributionAddSevenCardsForEachPlayers" classname="game.LocalCrazyEightTest" time="0.004"/>
  <testcase name="itShouldPlayFiveDiamondsAndFiveSpades" classname="game.LocalCrazyEightTest" time="0.002">
    <system-out><![CDATA[FIVE OF DIAMONDS
FIVE OF SPADES
]]></system-out>
  </testcase>
  <testcase name="gameContainsTheTrueAmountOfPlayers" classname="game.LocalCrazyEightTest" time="0.005"/>
  <testcase name="itShouldPlayTheTwoHeart" classname="game.LocalCrazyEightTest" time="0.001">
    <system-out><![CDATA[TWO OF HEART
]]></system-out>
  </testcase>
  <testcase name="gameReshufflerResetAllCardsPlayed" classname="game.LocalCrazyEightTest" time="0.001"/>
  <testcase name="tenMakeThePlayerPlayTwoTime" classname="game.LocalCrazyEightTest" time="0.006">
    <system-out><![CDATA[TEN OF CLUBS
FIVE OF CLUBS
]]></system-out>
  </testcase>
  <testcase name="eightChooseTheBestColorAndMakeTheNextPlayerDrawingACard" classname="game.LocalCrazyEightTest" time="0.001">
    <system-out><![CDATA[EIGHT OF HEARTS
]]></system-out>
  </testcase>
</testsuite>